<?xml version="1.0" encoding="UTF-8"?>
<!-- Generated by org.testng.reporters.JUnitReportReporter -->
<testsuite hostname="Jagadeesh-PC" failures="0" tests="2" name="pageObjectModel.TestCase2POJ" time="9.276" errors="0" timestamp="2021-07-10T05:14:49 IST" skipped="0">
  <testcase classname="pageObjectModel.TestCase2POJ" name="addingUser" time="4.276"/>
  <system-out/>
  <testcase classname="pageObjectModel.TestCase2POJ" name="login" time="5.000"/>
  <system-out/>
</testsuite> <!-- pageObjectModel.TestCase2POJ -->
